nohup: no se tendrá en cuenta la entrada

> reservaya-frontend@1.0.0 build
> next build

   ▲ Next.js 15.3.5
   - Environments: .env

   Creating an optimized production build ...
 ✓ Compiled successfully in 11.0s
   Skipping validation of types
   Skipping linting
   Collecting page data ...
   Generating static pages (0/30) ...
   Generating static pages (7/30) 
   Generating static pages (14/30) 
   Generating static pages (22/30) 
 ✓ Generating static pages (30/30)
   Finalizing page optimization ...
   Collecting build traces ...

Route (app)                                 Size  First Load JS
┌ ○ /                                    13.9 kB         128 kB
├ ○ /_not-found                            990 B         103 kB
├ ○ /403                                 3.25 kB         114 kB
├ ○ /admin                               5.33 kB         233 kB
├ ○ /admin/analytics                      2.9 kB         231 kB
├ ○ /admin/audit                         3.83 kB         117 kB
├ ○ /admin/categories                    6.55 kB         120 kB
├ ○ /admin/marketing                        7 kB         120 kB
├ ○ /admin/notifications                 6.33 kB         119 kB
├ ○ /admin/organizations                 3.53 kB         124 kB
├ ○ /admin/plans                         10.6 kB         138 kB
├ ○ /admin/reports                       3.45 kB         117 kB
├ ○ /admin/restaurants                   9.16 kB         125 kB
├ ○ /admin/settings                      7.08 kB         120 kB
├ ○ /admin/subscriptions                 20.7 kB         152 kB
├ ○ /admin/system                        5.78 kB         119 kB
├ ○ /admin/tables                        4.23 kB         117 kB
├ ○ /admin/users                         8.38 kB         121 kB
├ ƒ /api                                   144 B         102 kB
├ ○ /auth/login                          6.54 kB         117 kB
├ ○ /auth/register                       7.29 kB         118 kB
├ ƒ /invoice/view/[id]                   4.43 kB         115 kB
├ ○ /loyalty                              4.6 kB         115 kB
├ ƒ /manage                              4.41 kB         118 kB
├ ƒ /manage/billing                      5.59 kB         123 kB
├ ƒ /manage/branches                     7.08 kB         121 kB
├ ƒ /manage/customers                     7.2 kB         121 kB
├ ƒ /manage/inventory                    9.28 kB         123 kB
├ ƒ /manage/invoices                     11.7 kB         132 kB
├ ƒ /manage/journal                      6.77 kB         120 kB
├ ƒ /manage/layout                        8.3 kB         122 kB
├ ƒ /manage/loyalty                       5.3 kB         122 kB
├ ƒ /manage/marketing                    9.45 kB         123 kB
├ ƒ /manage/menu                         3.88 kB         121 kB
├ ƒ /manage/reports                      5.21 kB         122 kB
├ ƒ /manage/reservations                 4.97 kB         119 kB
├ ƒ /manage/settings                     11.1 kB         128 kB
├ ƒ /manage/staff                        5.26 kB         122 kB
├ ƒ /manage/subscription                 8.38 kB         125 kB
├ ƒ /menu/[restaurantId]                 2.89 kB         105 kB
├ ○ /pricing                             6.11 kB         117 kB
├ ○ /profile                             14.2 kB         145 kB
├ ƒ /restaurant/[id]                     10.9 kB         135 kB
├ ○ /workspace/bar                       3.17 kB         117 kB
├ ○ /workspace/host                      10.5 kB         121 kB
├ ○ /workspace/kitchen                   3.13 kB         117 kB
└ ○ /workspace/waiter                    10.7 kB         121 kB
+ First Load JS shared by all             102 kB
  ├ chunks/1684-d85576439b8c471e.js      46.5 kB
  ├ chunks/4bd1b696-903052b0b3040bcd.js  53.2 kB
  └ other shared chunks (total)          2.07 kB


○  (Static)   prerendered as static content
ƒ  (Dynamic)  server-rendered on demand


> reservaya-frontend@1.0.0 start
> PORT=3001 next start -H 0.0.0.0 -p 3001 2>&1 | tee server.log

   ▲ Next.js 15.3.5
   - Local:        http://localhost:3001
   - Network:      http://0.0.0.0:3001

 ✓ Starting...
 ✓ Ready in 893ms
Hangup
